2023-11-23 17:26:20.675 [info] Log level: Info
2023-11-23 17:26:20.675 [info] Validating found git in: "git"
2023-11-23 17:26:20.675 [info] Using git "2.34.1" from "git"
2023-11-23 17:26:20.675 [info] > git rev-parse --show-toplevel [8ms]
2023-11-23 17:26:20.676 [info] > git rev-parse --git-dir --git-common-dir [3ms]
2023-11-23 17:26:20.697 [info] Open repository: /home/shaicukran
2023-11-23 17:26:20.741 [info] > git config --get commit.template [22ms]
2023-11-23 17:26:20.742 [info] > git rev-parse --show-toplevel [3ms]
2023-11-23 17:26:20.801 [info] > git rev-parse --show-toplevel [12ms]
2023-11-23 17:26:20.802 [info] > git for-each-ref --format=%(refname)%00%(upstream:short)%00%(objectname)%00%(upstream:track)%00%(upstream:remotename)%00%(upstream:remoteref) refs/heads/main refs/remotes/main [42ms]
2023-11-23 17:26:20.878 [info] > git rev-parse --show-toplevel [6ms]
2023-11-23 17:26:20.919 [info] > git status -z -uall [90ms]
2023-11-23 17:26:20.920 [info] > git rev-parse --show-toplevel [12ms]
2023-11-23 17:26:21.029 [info] > git rev-parse --show-toplevel [34ms]
2023-11-23 17:26:21.060 [info] > git config --get commit.template [42ms]
2023-11-23 17:26:21.139 [info] > git rev-parse --show-toplevel [86ms]
2023-11-23 17:26:21.153 [info] > git for-each-ref --format=%(refname)%00%(upstream:short)%00%(objectname)%00%(upstream:track)%00%(upstream:remotename)%00%(upstream:remoteref) refs/heads/main refs/remotes/main [16ms]
2023-11-23 17:26:21.161 [info] > git rev-parse --show-toplevel [9ms]
2023-11-23 17:26:21.180 [info] > git status -z -uall [20ms]
2023-11-23 17:26:21.195 [info] > git rev-parse --show-toplevel [16ms]
2023-11-23 17:26:21.205 [info] > git rev-parse --show-toplevel [1ms]
2023-11-23 17:26:21.217 [info] > git rev-parse --show-toplevel [2ms]
2023-11-23 17:26:21.496 [info] > git check-ignore -v -z --stdin [8ms]
2023-11-23 17:26:22.845 [info] > git check-ignore -v -z --stdin [2ms]
2023-11-23 17:26:23.524 [info] > git config --get commit.template [9ms]
2023-11-23 17:26:23.525 [info] > git for-each-ref --format=%(refname)%00%(upstream:short)%00%(objectname)%00%(upstream:track)%00%(upstream:remotename)%00%(upstream:remoteref) refs/heads/main refs/remotes/main [2ms]
2023-11-23 17:26:23.540 [info] > git status -z -uall [10ms]
2023-11-23 17:26:26.334 [info] > git check-ignore -v -z --stdin [3ms]
2023-11-23 17:26:27.059 [info] > git check-ignore -v -z --stdin [2ms]
2023-11-23 17:26:30.795 [info] > git check-ignore -v -z --stdin [2ms]
2023-11-23 17:26:32.519 [info] > git config --get commit.template [1ms]
2023-11-23 17:26:32.526 [info] > git for-each-ref --format=%(refname)%00%(upstream:short)%00%(objectname)%00%(upstream:track)%00%(upstream:remotename)%00%(upstream:remoteref) refs/heads/main refs/remotes/main [1ms]
2023-11-23 17:26:32.543 [info] > git status -z -uall [11ms]
2023-11-23 17:26:34.741 [info] > git check-ignore -v -z --stdin [2ms]
2023-11-23 17:26:35.573 [info] > git check-ignore -v -z --stdin [1ms]
2023-11-23 17:26:37.561 [info] > git config --get commit.template [7ms]
2023-11-23 17:26:37.562 [info] > git for-each-ref --format=%(refname)%00%(upstream:short)%00%(objectname)%00%(upstream:track)%00%(upstream:remotename)%00%(upstream:remoteref) refs/heads/main refs/remotes/main [2ms]
2023-11-23 17:26:37.576 [info] > git status -z -uall [9ms]
2023-11-23 17:26:42.598 [info] > git config --get commit.template [7ms]
2023-11-23 17:26:42.599 [info] > git for-each-ref --format=%(refname)%00%(upstream:short)%00%(objectname)%00%(upstream:track)%00%(upstream:remotename)%00%(upstream:remoteref) refs/heads/main refs/remotes/main [2ms]
2023-11-23 17:26:42.625 [info] > git status -z -uall [16ms]
2023-11-23 17:26:47.499 [info] > git show --textconv :.bash_history [8ms]
2023-11-23 17:26:47.501 [info] > git ls-files --stage -- /home/shaicukran/.bash_history [3ms]
2023-11-23 17:26:47.508 [info] > git cat-file -s a6d27762c14b2b87c6f4fa3af97924b0f978d144 [2ms]
2023-11-23 17:26:47.651 [info] > git config --get commit.template [9ms]
2023-11-23 17:26:47.651 [info] > git for-each-ref --format=%(refname)%00%(upstream:short)%00%(objectname)%00%(upstream:track)%00%(upstream:remotename)%00%(upstream:remoteref) refs/heads/main refs/remotes/main [2ms]
2023-11-23 17:26:47.665 [info] > git status -z -uall [10ms]
2023-11-23 17:26:52.716 [info] > git config --get commit.template [19ms]
2023-11-23 17:26:52.720 [info] > git for-each-ref --format=%(refname)%00%(upstream:short)%00%(objectname)%00%(upstream:track)%00%(upstream:remotename)%00%(upstream:remoteref) refs/heads/main refs/remotes/main [7ms]
2023-11-23 17:26:52.745 [info] > git status -z -uall [18ms]
2023-11-23 17:26:57.490 [info] > git show --textconv :.bash_logout [7ms]
2023-11-23 17:26:57.492 [info] > git ls-files --stage -- /home/shaicukran/.bash_logout [2ms]
2023-11-23 17:26:57.498 [info] > git cat-file -s de4f5f75d7ccd3a5b62bd2ce683ed678a5cb72c2 [2ms]
2023-11-23 17:26:57.780 [info] > git config --get commit.template [9ms]
2023-11-23 17:26:57.781 [info] > git for-each-ref --format=%(refname)%00%(upstream:short)%00%(objectname)%00%(upstream:track)%00%(upstream:remotename)%00%(upstream:remoteref) refs/heads/main refs/remotes/main [2ms]
2023-11-23 17:26:57.796 [info] > git status -z -uall [10ms]
2023-11-23 17:26:59.037 [info] > git show --textconv :ex05/git_commit.sh [5ms]
2023-11-23 17:26:59.038 [info] > git ls-files --stage -- /home/shaicukran/ex05/git_commit.sh [2ms]
2023-11-23 17:26:59.043 [info] > git cat-file -s 32e54cbf63f0ee7fa298d9ca1e4c0bb75d14d758 [1ms]
2023-11-23 17:27:02.811 [info] > git config --get commit.template [1ms]
2023-11-23 17:27:02.817 [info] > git for-each-ref --format=%(refname)%00%(upstream:short)%00%(objectname)%00%(upstream:track)%00%(upstream:remotename)%00%(upstream:remoteref) refs/heads/main refs/remotes/main [1ms]
2023-11-23 17:27:02.830 [info] > git status -z -uall [9ms]
2023-11-23 17:27:07.842 [info] > git config --get commit.template [1ms]
2023-11-23 17:27:07.848 [info] > git for-each-ref --format=%(refname)%00%(upstream:short)%00%(objectname)%00%(upstream:track)%00%(upstream:remotename)%00%(upstream:remoteref) refs/heads/main refs/remotes/main [1ms]
2023-11-23 17:27:07.862 [info] > git status -z -uall [10ms]
2023-11-23 17:27:12.875 [info] > git config --get commit.template [2ms]
2023-11-23 17:27:12.881 [info] > git for-each-ref --format=%(refname)%00%(upstream:short)%00%(objectname)%00%(upstream:track)%00%(upstream:remotename)%00%(upstream:remoteref) refs/heads/main refs/remotes/main [2ms]
2023-11-23 17:27:12.897 [info] > git status -z -uall [11ms]
2023-11-23 17:27:17.908 [info] > git config --get commit.template [1ms]
2023-11-23 17:27:17.914 [info] > git for-each-ref --format=%(refname)%00%(upstream:short)%00%(objectname)%00%(upstream:track)%00%(upstream:remotename)%00%(upstream:remoteref) refs/heads/main refs/remotes/main [1ms]
2023-11-23 17:27:17.927 [info] > git status -z -uall [9ms]
2023-11-23 17:27:22.941 [info] > git config --get commit.template [1ms]
2023-11-23 17:27:22.948 [info] > git for-each-ref --format=%(refname)%00%(upstream:short)%00%(objectname)%00%(upstream:track)%00%(upstream:remotename)%00%(upstream:remoteref) refs/heads/main refs/remotes/main [1ms]
2023-11-23 17:27:22.962 [info] > git status -z -uall [10ms]
2023-11-23 17:27:27.979 [info] > git config --get commit.template [5ms]
2023-11-23 17:27:27.980 [info] > git for-each-ref --format=%(refname)%00%(upstream:short)%00%(objectname)%00%(upstream:track)%00%(upstream:remotename)%00%(upstream:remoteref) refs/heads/main refs/remotes/main [1ms]
2023-11-23 17:27:27.993 [info] > git status -z -uall [9ms]
2023-11-23 17:27:33.007 [info] > git config --get commit.template [2ms]
2023-11-23 17:27:33.013 [info] > git for-each-ref --format=%(refname)%00%(upstream:short)%00%(objectname)%00%(upstream:track)%00%(upstream:remotename)%00%(upstream:remoteref) refs/heads/main refs/remotes/main [1ms]
2023-11-23 17:27:33.028 [info] > git status -z -uall [9ms]
2023-11-23 17:27:38.051 [info] > git config --get commit.template [7ms]
2023-11-23 17:27:38.051 [info] > git for-each-ref --format=%(refname)%00%(upstream:short)%00%(objectname)%00%(upstream:track)%00%(upstream:remotename)%00%(upstream:remoteref) refs/heads/main refs/remotes/main [1ms]
2023-11-23 17:27:38.064 [info] > git status -z -uall [9ms]
2023-11-23 17:27:43.078 [info] > git config --get commit.template [1ms]
2023-11-23 17:27:43.084 [info] > git for-each-ref --format=%(refname)%00%(upstream:short)%00%(objectname)%00%(upstream:track)%00%(upstream:remotename)%00%(upstream:remoteref) refs/heads/main refs/remotes/main [1ms]
2023-11-23 17:27:43.097 [info] > git status -z -uall [9ms]
2023-11-23 17:27:48.118 [info] > git config --get commit.template [8ms]
2023-11-23 17:27:48.119 [info] > git for-each-ref --format=%(refname)%00%(upstream:short)%00%(objectname)%00%(upstream:track)%00%(upstream:remotename)%00%(upstream:remoteref) refs/heads/main refs/remotes/main [2ms]
2023-11-23 17:27:48.142 [info] > git status -z -uall [16ms]
2023-11-23 17:27:53.155 [info] > git config --get commit.template [1ms]
2023-11-23 17:27:53.160 [info] > git for-each-ref --format=%(refname)%00%(upstream:short)%00%(objectname)%00%(upstream:track)%00%(upstream:remotename)%00%(upstream:remoteref) refs/heads/main refs/remotes/main [2ms]
2023-11-23 17:27:53.173 [info] > git status -z -uall [9ms]
2023-11-23 17:27:58.192 [info] > git config --get commit.template [5ms]
2023-11-23 17:27:58.193 [info] > git for-each-ref --format=%(refname)%00%(upstream:short)%00%(objectname)%00%(upstream:track)%00%(upstream:remotename)%00%(upstream:remoteref) refs/heads/main refs/remotes/main [1ms]
2023-11-23 17:27:58.206 [info] > git status -z -uall [9ms]
