2023-11-08 21:13:20.046 [info] Log level: Info
2023-11-08 21:13:20.046 [info] Validating found git in: "git"
2023-11-08 21:13:20.046 [info] Using git "2.34.1" from "git"
2023-11-08 21:13:20.046 [info] > git rev-parse --show-toplevel [45ms]
2023-11-08 21:13:20.046 [info] fatal: not a git repository (or any of the parent directories): .git
2023-11-08 21:13:20.109 [info] > git rev-parse --show-toplevel [62ms]
2023-11-08 21:13:20.254 [info] > git rev-parse --git-dir --git-common-dir [120ms]
2023-11-08 21:13:20.350 [info] Open repository: /home/shaicukran/ex0
2023-11-08 21:13:20.420 [info] > git rev-parse --show-toplevel [12ms]
2023-11-08 21:13:20.420 [info] fatal: not a git repository (or any of the parent directories): .git
2023-11-08 21:13:20.432 [info] > git config --get commit.template [27ms]
2023-11-08 21:13:20.472 [info] > git rev-parse --show-toplevel [22ms]
2023-11-08 21:13:20.472 [info] fatal: not a git repository (or any of the parent directories): .git
2023-11-08 21:13:20.555 [info] > git for-each-ref --format=%(refname)%00%(upstream:short)%00%(objectname)%00%(upstream:track)%00%(upstream:remotename)%00%(upstream:remoteref) refs/heads/main refs/remotes/main [87ms]
2023-11-08 21:13:20.604 [info] > git status -z -uall [28ms]
2023-11-08 21:13:20.683 [info] > git config --get commit.template [9ms]
2023-11-08 21:13:20.901 [info] > git for-each-ref --format=%(refname)%00%(upstream:short)%00%(objectname)%00%(upstream:track)%00%(upstream:remotename)%00%(upstream:remoteref) refs/heads/main refs/remotes/main [178ms]
2023-11-08 21:13:20.923 [info] > git status -z -uall [11ms]
2023-11-08 21:13:21.304 [info] > git show --textconv :z.c [327ms]
2023-11-08 21:13:21.305 [info] > git check-ignore -v -z --stdin [9ms]
2023-11-08 21:13:21.317 [info] > git ls-files --stage -- /home/shaicukran/ex0/z.c [327ms]
2023-11-08 21:20:21.035 [info] > git config --get commit.template [6ms]
2023-11-08 21:20:21.043 [info] > git for-each-ref --format=%(refname)%00%(upstream:short)%00%(objectname)%00%(upstream:track)%00%(upstream:remotename)%00%(upstream:remoteref) refs/heads/main refs/remotes/main [1ms]
2023-11-08 21:20:21.049 [info] > git status -z -uall [1ms]
2023-11-08 21:21:30.415 [info] > git config --get commit.template [10ms]
2023-11-08 21:21:30.416 [info] > git for-each-ref --format=%(refname)%00%(upstream:short)%00%(objectname)%00%(upstream:track)%00%(upstream:remotename)%00%(upstream:remoteref) refs/heads/main refs/remotes/main [2ms]
2023-11-08 21:21:30.423 [info] > git status -z -uall [2ms]
2023-11-08 21:22:07.242 [info] > git show --textconv :z [10ms]
2023-11-08 21:22:07.244 [info] > git ls-files --stage -- /home/shaicukran/ex0/z [3ms]
2023-11-08 21:22:07.490 [info] > git check-ignore -v -z --stdin [2ms]
2023-11-08 21:22:08.001 [info] > git config --get commit.template [6ms]
2023-11-08 21:22:08.001 [info] > git for-each-ref --format=%(refname)%00%(upstream:short)%00%(objectname)%00%(upstream:track)%00%(upstream:remotename)%00%(upstream:remoteref) refs/heads/main refs/remotes/main [1ms]
2023-11-08 21:22:08.007 [info] > git status -z -uall [2ms]
2023-11-08 21:22:14.682 [info] > git config --get commit.template [8ms]
2023-11-08 21:22:14.682 [info] > git for-each-ref --format=%(refname)%00%(upstream:short)%00%(objectname)%00%(upstream:track)%00%(upstream:remotename)%00%(upstream:remoteref) refs/heads/main refs/remotes/main [2ms]
2023-11-08 21:22:14.690 [info] > git status -z -uall [2ms]
2023-11-08 21:23:11.334 [info] > git config --get commit.template [6ms]
2023-11-08 21:23:11.334 [info] > git for-each-ref --format=%(refname)%00%(upstream:short)%00%(objectname)%00%(upstream:track)%00%(upstream:remotename)%00%(upstream:remoteref) refs/heads/main refs/remotes/main [1ms]
2023-11-08 21:23:11.340 [info] > git status -z -uall [1ms]
2023-11-08 21:23:31.223 [info] > git config --get commit.template [5ms]
2023-11-08 21:23:31.223 [info] > git for-each-ref --format=%(refname)%00%(upstream:short)%00%(objectname)%00%(upstream:track)%00%(upstream:remotename)%00%(upstream:remoteref) refs/heads/main refs/remotes/main [1ms]
2023-11-08 21:23:31.229 [info] > git status -z -uall [1ms]
2023-11-08 21:24:02.062 [info] > git config --get commit.template [1ms]
2023-11-08 21:24:02.068 [info] > git for-each-ref --format=%(refname)%00%(upstream:short)%00%(objectname)%00%(upstream:track)%00%(upstream:remotename)%00%(upstream:remoteref) refs/heads/main refs/remotes/main [1ms]
2023-11-08 21:24:02.074 [info] > git status -z -uall [2ms]
