2023-11-23 18:56:19.761 [info] Log level: Info
2023-11-23 18:56:19.761 [info] Validating found git in: "git"
2023-11-23 18:56:19.761 [info] Using git "2.34.1" from "git"
2023-11-23 18:56:19.761 [info] > git rev-parse --show-toplevel [8ms]
2023-11-23 18:56:19.761 [info] > git rev-parse --git-dir --git-common-dir [19ms]
2023-11-23 18:56:19.761 [info] Open repository: /home/shaicukran
2023-11-23 18:56:19.782 [info] > git rev-parse --show-toplevel [163ms]
2023-11-23 18:56:19.793 [info] > git config --get commit.template [173ms]
2023-11-23 18:56:19.828 [info] > git rev-parse --show-toplevel [21ms]
2023-11-23 18:56:19.862 [info] > git for-each-ref --format=%(refname)%00%(upstream:short)%00%(objectname)%00%(upstream:track)%00%(upstream:remotename)%00%(upstream:remoteref) refs/heads/main refs/remotes/main [42ms]
2023-11-23 18:56:19.890 [info] > git rev-parse --show-toplevel [34ms]
2023-11-23 18:56:19.927 [info] > git rev-parse --show-toplevel [7ms]
2023-11-23 18:56:19.945 [info] > git rev-parse --show-toplevel [3ms]
2023-11-23 18:56:19.961 [info] > git rev-parse --show-toplevel [4ms]
2023-11-23 18:56:19.977 [info] > git status -z -uall [89ms]
2023-11-23 18:56:20.059 [info] > git rev-parse --show-toplevel [84ms]
2023-11-23 18:56:20.391 [info] > git rev-parse --show-toplevel [319ms]
2023-11-23 18:56:20.393 [info] > git config --get commit.template [335ms]
2023-11-23 18:56:20.481 [info] > git check-ignore -v -z --stdin [67ms]
2023-11-23 18:56:20.494 [info] > git rev-parse --show-toplevel [18ms]
2023-11-23 18:56:20.495 [info] > git for-each-ref --format=%(refname)%00%(upstream:short)%00%(objectname)%00%(upstream:track)%00%(upstream:remotename)%00%(upstream:remoteref) refs/heads/main refs/remotes/main [54ms]
2023-11-23 18:56:20.891 [info] > git status -z -uall [367ms]
2023-11-23 18:56:20.909 [info] > git rev-parse --show-toplevel [365ms]
2023-11-23 18:56:20.927 [info] > git rev-parse --show-toplevel [5ms]
2023-11-23 18:56:20.975 [info] > git show --textconv :ex05/git_commit.sh [20ms]
2023-11-23 18:56:20.985 [info] > git ls-files --stage -- /home/shaicukran/ex05/git_commit.sh [12ms]
2023-11-23 18:56:21.079 [info] > git cat-file -s 32e54cbf63f0ee7fa298d9ca1e4c0bb75d14d758 [81ms]
2023-11-23 18:56:24.412 [info] > git check-ignore -v -z --stdin [4ms]
2023-11-23 18:56:24.537 [info] > git config --get commit.template [15ms]
2023-11-23 18:56:24.540 [info] > git for-each-ref --format=%(refname)%00%(upstream:short)%00%(objectname)%00%(upstream:track)%00%(upstream:remotename)%00%(upstream:remoteref) refs/heads/main refs/remotes/main [4ms]
2023-11-23 18:56:24.576 [info] > git status -z -uall [25ms]
2023-11-23 18:56:29.617 [info] > git config --get commit.template [18ms]
2023-11-23 18:56:29.618 [info] > git for-each-ref --format=%(refname)%00%(upstream:short)%00%(objectname)%00%(upstream:track)%00%(upstream:remotename)%00%(upstream:remoteref) refs/heads/main refs/remotes/main [3ms]
2023-11-23 18:56:29.655 [info] > git status -z -uall [26ms]
2023-11-23 18:56:43.887 [info] > git config --get commit.template [10ms]
2023-11-23 18:56:43.900 [info] > git for-each-ref --format=%(refname)%00%(upstream:short)%00%(objectname)%00%(upstream:track)%00%(upstream:remotename)%00%(upstream:remoteref) refs/heads/main refs/remotes/main [2ms]
2023-11-23 18:56:43.932 [info] > git status -z -uall [17ms]
2023-11-23 18:56:46.152 [info] > git check-ignore -v -z --stdin [5ms]
2023-11-23 18:56:48.952 [info] > git config --get commit.template [2ms]
2023-11-23 18:56:48.976 [info] > git for-each-ref --format=%(refname)%00%(upstream:short)%00%(objectname)%00%(upstream:track)%00%(upstream:remotename)%00%(upstream:remoteref) refs/heads/main refs/remotes/main [7ms]
2023-11-23 18:56:49.042 [info] > git status -z -uall [47ms]
2023-11-23 18:56:49.230 [info] > git show --textconv HEAD:ex05/git_commit.sh [12ms]
2023-11-23 18:56:49.233 [info] > git ls-tree -l HEAD -- /home/shaicukran/ex05/git_commit.sh [4ms]
2023-11-23 18:56:54.083 [info] > git config --get commit.template [4ms]
2023-11-23 18:56:54.112 [info] > git for-each-ref --format=%(refname)%00%(upstream:short)%00%(objectname)%00%(upstream:track)%00%(upstream:remotename)%00%(upstream:remoteref) refs/heads/main refs/remotes/main [11ms]
2023-11-23 18:56:54.184 [info] > git status -z -uall [54ms]
2023-11-23 18:56:59.220 [info] > git config --get commit.template [3ms]
2023-11-23 18:56:59.230 [info] > git for-each-ref --format=%(refname)%00%(upstream:short)%00%(objectname)%00%(upstream:track)%00%(upstream:remotename)%00%(upstream:remoteref) refs/heads/main refs/remotes/main [2ms]
2023-11-23 18:56:59.250 [info] > git status -z -uall [12ms]
2023-11-23 18:57:04.307 [info] > git config --get commit.template [24ms]
2023-11-23 18:57:04.311 [info] > git for-each-ref --format=%(refname)%00%(upstream:short)%00%(objectname)%00%(upstream:track)%00%(upstream:remotename)%00%(upstream:remoteref) refs/heads/main refs/remotes/main [6ms]
2023-11-23 18:57:04.373 [info] > git status -z -uall [44ms]
2023-11-23 18:57:09.440 [info] > git config --get commit.template [20ms]
2023-11-23 18:57:09.444 [info] > git for-each-ref --format=%(refname)%00%(upstream:short)%00%(objectname)%00%(upstream:track)%00%(upstream:remotename)%00%(upstream:remoteref) refs/heads/main refs/remotes/main [7ms]
2023-11-23 18:57:09.510 [info] > git status -z -uall [45ms]
2023-11-23 18:57:14.586 [info] > git config --get commit.template [8ms]
2023-11-23 18:57:14.607 [info] > git for-each-ref --format=%(refname)%00%(upstream:short)%00%(objectname)%00%(upstream:track)%00%(upstream:remotename)%00%(upstream:remoteref) refs/heads/main refs/remotes/main [3ms]
2023-11-23 18:57:14.662 [info] > git status -z -uall [36ms]
2023-11-23 18:59:25.148 [info] > git ls-tree -l HEAD -- /home/shaicukran/ex05/git_commit.sh [11ms]
2023-11-23 18:59:25.153 [info] > git config --get commit.template [6ms]
2023-11-23 18:59:25.161 [info] > git for-each-ref --format=%(refname)%00%(upstream:short)%00%(objectname)%00%(upstream:track)%00%(upstream:remotename)%00%(upstream:remoteref) refs/heads/main refs/remotes/main [2ms]
2023-11-23 18:59:25.181 [info] > git status -z -uall [14ms]
2023-11-23 19:10:27.065 [info] > git ls-tree -l HEAD -- /home/shaicukran/ex05/git_commit.sh [16ms]
2023-11-23 19:10:27.070 [info] > git config --get commit.template [4ms]
2023-11-23 19:10:27.086 [info] > git for-each-ref --format=%(refname)%00%(upstream:short)%00%(objectname)%00%(upstream:track)%00%(upstream:remotename)%00%(upstream:remoteref) refs/heads/main refs/remotes/main [2ms]
2023-11-23 19:10:27.112 [info] > git status -z -uall [15ms]
2023-11-23 19:10:32.147 [info] > git config --get commit.template [12ms]
2023-11-23 19:10:32.148 [info] > git for-each-ref --format=%(refname)%00%(upstream:short)%00%(objectname)%00%(upstream:track)%00%(upstream:remotename)%00%(upstream:remoteref) refs/heads/main refs/remotes/main [3ms]
2023-11-23 19:10:32.188 [info] > git status -z -uall [26ms]
2023-11-23 19:10:37.233 [info] > git config --get commit.template [5ms]
2023-11-23 19:10:37.260 [info] > git for-each-ref --format=%(refname)%00%(upstream:short)%00%(objectname)%00%(upstream:track)%00%(upstream:remotename)%00%(upstream:remoteref) refs/heads/main refs/remotes/main [6ms]
2023-11-23 19:10:37.334 [info] > git status -z -uall [48ms]
2023-11-23 19:10:38.515 [info] > git show --textconv :ex05/git_commit.sh [32ms]
2023-11-23 19:10:38.520 [info] > git ls-files --stage -- /home/shaicukran/ex05/git_commit.sh [9ms]
2023-11-23 19:10:38.586 [info] > git cat-file -s 32e54cbf63f0ee7fa298d9ca1e4c0bb75d14d758 [6ms]
2023-11-23 19:10:42.403 [info] > git config --get commit.template [27ms]
2023-11-23 19:10:42.405 [info] > git for-each-ref --format=%(refname)%00%(upstream:short)%00%(objectname)%00%(upstream:track)%00%(upstream:remotename)%00%(upstream:remoteref) refs/heads/main refs/remotes/main [6ms]
2023-11-23 19:10:42.485 [info] > git status -z -uall [48ms]
2023-11-23 19:10:47.538 [info] > git config --get commit.template [18ms]
2023-11-23 19:10:47.540 [info] > git for-each-ref --format=%(refname)%00%(upstream:short)%00%(objectname)%00%(upstream:track)%00%(upstream:remotename)%00%(upstream:remoteref) refs/heads/main refs/remotes/main [4ms]
2023-11-23 19:10:47.594 [info] > git status -z -uall [36ms]
2023-11-23 19:10:52.651 [info] > git config --get commit.template [18ms]
2023-11-23 19:10:52.653 [info] > git for-each-ref --format=%(refname)%00%(upstream:short)%00%(objectname)%00%(upstream:track)%00%(upstream:remotename)%00%(upstream:remoteref) refs/heads/main refs/remotes/main [5ms]
2023-11-23 19:10:52.707 [info] > git status -z -uall [39ms]
2023-11-23 19:10:57.783 [info] > git config --get commit.template [18ms]
2023-11-23 19:10:57.785 [info] > git for-each-ref --format=%(refname)%00%(upstream:short)%00%(objectname)%00%(upstream:track)%00%(upstream:remotename)%00%(upstream:remoteref) refs/heads/main refs/remotes/main [4ms]
2023-11-23 19:10:57.836 [info] > git status -z -uall [36ms]
2023-11-23 19:11:02.873 [info] > git config --get commit.template [4ms]
2023-11-23 19:11:02.893 [info] > git for-each-ref --format=%(refname)%00%(upstream:short)%00%(objectname)%00%(upstream:track)%00%(upstream:remotename)%00%(upstream:remoteref) refs/heads/main refs/remotes/main [5ms]
2023-11-23 19:11:02.942 [info] > git status -z -uall [35ms]
2023-11-23 19:11:07.996 [info] > git config --get commit.template [21ms]
2023-11-23 19:11:07.997 [info] > git for-each-ref --format=%(refname)%00%(upstream:short)%00%(objectname)%00%(upstream:track)%00%(upstream:remotename)%00%(upstream:remoteref) refs/heads/main refs/remotes/main [4ms]
2023-11-23 19:11:08.047 [info] > git status -z -uall [36ms]
2023-11-23 19:11:13.106 [info] > git config --get commit.template [25ms]
2023-11-23 19:11:13.108 [info] > git for-each-ref --format=%(refname)%00%(upstream:short)%00%(objectname)%00%(upstream:track)%00%(upstream:remotename)%00%(upstream:remoteref) refs/heads/main refs/remotes/main [8ms]
2023-11-23 19:11:13.186 [info] > git status -z -uall [58ms]
2023-11-23 19:11:18.255 [info] > git config --get commit.template [20ms]
2023-11-23 19:11:18.257 [info] > git for-each-ref --format=%(refname)%00%(upstream:short)%00%(objectname)%00%(upstream:track)%00%(upstream:remotename)%00%(upstream:remoteref) refs/heads/main refs/remotes/main [5ms]
2023-11-23 19:11:18.308 [info] > git status -z -uall [35ms]
2023-11-23 19:11:23.359 [info] > git config --get commit.template [18ms]
2023-11-23 19:11:23.361 [info] > git for-each-ref --format=%(refname)%00%(upstream:short)%00%(objectname)%00%(upstream:track)%00%(upstream:remotename)%00%(upstream:remoteref) refs/heads/main refs/remotes/main [4ms]
2023-11-23 19:11:23.411 [info] > git status -z -uall [36ms]
2023-11-23 19:11:28.466 [info] > git config --get commit.template [19ms]
2023-11-23 19:11:28.467 [info] > git for-each-ref --format=%(refname)%00%(upstream:short)%00%(objectname)%00%(upstream:track)%00%(upstream:remotename)%00%(upstream:remoteref) refs/heads/main refs/remotes/main [5ms]
2023-11-23 19:11:28.517 [info] > git status -z -uall [36ms]
2023-11-23 19:11:33.592 [info] > git config --get commit.template [27ms]
2023-11-23 19:11:33.599 [info] > git for-each-ref --format=%(refname)%00%(upstream:short)%00%(objectname)%00%(upstream:track)%00%(upstream:remotename)%00%(upstream:remoteref) refs/heads/main refs/remotes/main [13ms]
2023-11-23 19:11:33.648 [info] > git status -z -uall [37ms]
2023-11-23 19:11:38.682 [info] > git config --get commit.template [7ms]
2023-11-23 19:11:38.682 [info] > git for-each-ref --format=%(refname)%00%(upstream:short)%00%(objectname)%00%(upstream:track)%00%(upstream:remotename)%00%(upstream:remoteref) refs/heads/main refs/remotes/main [2ms]
2023-11-23 19:11:38.698 [info] > git status -z -uall [11ms]
2023-11-23 19:11:43.717 [info] > git config --get commit.template [5ms]
2023-11-23 19:11:43.726 [info] > git for-each-ref --format=%(refname)%00%(upstream:short)%00%(objectname)%00%(upstream:track)%00%(upstream:remotename)%00%(upstream:remoteref) refs/heads/main refs/remotes/main [3ms]
2023-11-23 19:11:43.746 [info] > git status -z -uall [13ms]
2023-11-23 19:11:46.216 [info] > git show --textconv HEAD:.lesshst [17ms]
2023-11-23 19:11:46.223 [info] > git ls-tree -l HEAD -- /home/shaicukran/.lesshst [11ms]
2023-11-23 19:11:48.782 [info] > git config --get commit.template [15ms]
2023-11-23 19:11:48.783 [info] > git for-each-ref --format=%(refname)%00%(upstream:short)%00%(objectname)%00%(upstream:track)%00%(upstream:remotename)%00%(upstream:remoteref) refs/heads/main refs/remotes/main [3ms]
2023-11-23 19:11:48.803 [info] > git status -z -uall [13ms]
2023-11-23 19:11:53.862 [info] > git config --get commit.template [24ms]
2023-11-23 19:11:53.867 [info] > git for-each-ref --format=%(refname)%00%(upstream:short)%00%(objectname)%00%(upstream:track)%00%(upstream:remotename)%00%(upstream:remoteref) refs/heads/main refs/remotes/main [9ms]
2023-11-23 19:11:53.930 [info] > git status -z -uall [44ms]
2023-11-23 19:11:58.996 [info] > git config --get commit.template [29ms]
2023-11-23 19:11:58.997 [info] > git for-each-ref --format=%(refname)%00%(upstream:short)%00%(objectname)%00%(upstream:track)%00%(upstream:remotename)%00%(upstream:remoteref) refs/heads/main refs/remotes/main [9ms]
2023-11-23 19:11:59.058 [info] > git status -z -uall [42ms]
2023-11-23 19:12:04.119 [info] > git config --get commit.template [25ms]
2023-11-23 19:12:04.127 [info] > git for-each-ref --format=%(refname)%00%(upstream:short)%00%(objectname)%00%(upstream:track)%00%(upstream:remotename)%00%(upstream:remoteref) refs/heads/main refs/remotes/main [11ms]
2023-11-23 19:12:04.190 [info] > git status -z -uall [45ms]
2023-11-23 19:12:09.253 [info] > git config --get commit.template [25ms]
2023-11-23 19:12:09.256 [info] > git for-each-ref --format=%(refname)%00%(upstream:short)%00%(objectname)%00%(upstream:track)%00%(upstream:remotename)%00%(upstream:remoteref) refs/heads/main refs/remotes/main [6ms]
2023-11-23 19:12:09.332 [info] > git status -z -uall [49ms]
2023-11-23 19:12:14.379 [info] > git config --get commit.template [14ms]
2023-11-23 19:12:14.380 [info] > git for-each-ref --format=%(refname)%00%(upstream:short)%00%(objectname)%00%(upstream:track)%00%(upstream:remotename)%00%(upstream:remoteref) refs/heads/main refs/remotes/main [4ms]
2023-11-23 19:12:14.409 [info] > git status -z -uall [20ms]
2023-11-23 19:12:19.463 [info] > git config --get commit.template [26ms]
2023-11-23 19:12:19.468 [info] > git for-each-ref --format=%(refname)%00%(upstream:short)%00%(objectname)%00%(upstream:track)%00%(upstream:remotename)%00%(upstream:remoteref) refs/heads/main refs/remotes/main [8ms]
2023-11-23 19:12:19.535 [info] > git status -z -uall [50ms]
2023-11-23 19:32:51.854 [info] > git ls-tree -l HEAD -- /home/shaicukran/.lesshst [16ms]
2023-11-23 19:32:51.857 [info] > git config --get commit.template [7ms]
2023-11-23 19:32:51.865 [info] > git for-each-ref --format=%(refname)%00%(upstream:short)%00%(objectname)%00%(upstream:track)%00%(upstream:remotename)%00%(upstream:remoteref) refs/heads/main refs/remotes/main [2ms]
2023-11-23 19:32:51.890 [info] > git status -z -uall [18ms]
2023-11-23 19:32:56.949 [info] > git config --get commit.template [24ms]
2023-11-23 19:32:56.951 [info] > git for-each-ref --format=%(refname)%00%(upstream:short)%00%(objectname)%00%(upstream:track)%00%(upstream:remotename)%00%(upstream:remoteref) refs/heads/main refs/remotes/main [6ms]
2023-11-23 19:32:57.021 [info] > git status -z -uall [51ms]
2023-11-23 19:32:58.682 [info] > git show --textconv :ex05/git_commit.sh [25ms]
2023-11-23 19:32:58.688 [info] > git ls-files --stage -- /home/shaicukran/ex05/git_commit.sh [8ms]
2023-11-23 19:32:58.716 [info] > git cat-file -s 32e54cbf63f0ee7fa298d9ca1e4c0bb75d14d758 [6ms]
2023-11-23 19:33:16.618 [info] > git config --get commit.template [14ms]
2023-11-23 19:33:16.619 [info] > git for-each-ref --format=%(refname)%00%(upstream:short)%00%(objectname)%00%(upstream:track)%00%(upstream:remotename)%00%(upstream:remoteref) refs/heads/main refs/remotes/main [3ms]
2023-11-23 19:33:16.654 [info] > git status -z -uall [23ms]
2023-11-23 19:33:21.707 [info] > git config --get commit.template [20ms]
2023-11-23 19:33:21.710 [info] > git for-each-ref --format=%(refname)%00%(upstream:short)%00%(objectname)%00%(upstream:track)%00%(upstream:remotename)%00%(upstream:remoteref) refs/heads/main refs/remotes/main [6ms]
2023-11-23 19:33:21.767 [info] > git status -z -uall [37ms]
2023-11-23 19:33:26.823 [info] > git config --get commit.template [20ms]
2023-11-23 19:33:26.826 [info] > git for-each-ref --format=%(refname)%00%(upstream:short)%00%(objectname)%00%(upstream:track)%00%(upstream:remotename)%00%(upstream:remoteref) refs/heads/main refs/remotes/main [5ms]
2023-11-23 19:33:26.878 [info] > git status -z -uall [34ms]
2023-11-23 19:34:31.759 [info] > git config --get commit.template [16ms]
2023-11-23 19:34:31.760 [info] > git for-each-ref --format=%(refname)%00%(upstream:short)%00%(objectname)%00%(upstream:track)%00%(upstream:remotename)%00%(upstream:remoteref) refs/heads/main refs/remotes/main [3ms]
2023-11-23 19:34:31.787 [info] > git status -z -uall [17ms]
2023-11-23 19:34:36.840 [info] > git config --get commit.template [20ms]
2023-11-23 19:34:36.843 [info] > git for-each-ref --format=%(refname)%00%(upstream:short)%00%(objectname)%00%(upstream:track)%00%(upstream:remotename)%00%(upstream:remoteref) refs/heads/main refs/remotes/main [5ms]
2023-11-23 19:34:36.896 [info] > git status -z -uall [36ms]
2023-11-23 19:34:47.840 [info] > git config --get commit.template [19ms]
2023-11-23 19:34:47.842 [info] > git for-each-ref --format=%(refname)%00%(upstream:short)%00%(objectname)%00%(upstream:track)%00%(upstream:remotename)%00%(upstream:remoteref) refs/heads/main refs/remotes/main [4ms]
2023-11-23 19:34:47.870 [info] > git status -z -uall [20ms]
2023-11-23 19:34:52.919 [info] > git config --get commit.template [18ms]
2023-11-23 19:34:52.921 [info] > git for-each-ref --format=%(refname)%00%(upstream:short)%00%(objectname)%00%(upstream:track)%00%(upstream:remotename)%00%(upstream:remoteref) refs/heads/main refs/remotes/main [4ms]
2023-11-23 19:34:52.971 [info] > git status -z -uall [34ms]
2023-11-23 19:34:58.022 [info] > git config --get commit.template [18ms]
2023-11-23 19:34:58.024 [info] > git for-each-ref --format=%(refname)%00%(upstream:short)%00%(objectname)%00%(upstream:track)%00%(upstream:remotename)%00%(upstream:remoteref) refs/heads/main refs/remotes/main [5ms]
2023-11-23 19:34:58.073 [info] > git status -z -uall [34ms]
2023-11-23 19:35:03.126 [info] > git config --get commit.template [19ms]
2023-11-23 19:35:03.129 [info] > git for-each-ref --format=%(refname)%00%(upstream:short)%00%(objectname)%00%(upstream:track)%00%(upstream:remotename)%00%(upstream:remoteref) refs/heads/main refs/remotes/main [7ms]
2023-11-23 19:35:03.190 [info] > git status -z -uall [39ms]
2023-11-23 19:36:35.028 [info] > git config --get commit.template [4ms]
2023-11-23 19:36:35.053 [info] > git for-each-ref --format=%(refname)%00%(upstream:short)%00%(objectname)%00%(upstream:track)%00%(upstream:remotename)%00%(upstream:remoteref) refs/heads/main refs/remotes/main [12ms]
2023-11-23 19:36:35.083 [info] > git status -z -uall [17ms]
2023-11-23 19:36:40.136 [info] > git config --get commit.template [19ms]
2023-11-23 19:36:40.138 [info] > git for-each-ref --format=%(refname)%00%(upstream:short)%00%(objectname)%00%(upstream:track)%00%(upstream:remotename)%00%(upstream:remoteref) refs/heads/main refs/remotes/main [5ms]
2023-11-23 19:36:40.191 [info] > git status -z -uall [38ms]
2023-11-23 19:36:58.549 [info] > git config --get commit.template [16ms]
2023-11-23 19:36:58.551 [info] > git for-each-ref --format=%(refname)%00%(upstream:short)%00%(objectname)%00%(upstream:track)%00%(upstream:remotename)%00%(upstream:remoteref) refs/heads/main refs/remotes/main [4ms]
2023-11-23 19:36:58.601 [info] > git status -z -uall [35ms]
2023-11-23 19:44:08.639 [info] > git config --get commit.template [31ms]
2023-11-23 19:44:08.641 [info] > git for-each-ref --format=%(refname)%00%(upstream:short)%00%(objectname)%00%(upstream:track)%00%(upstream:remotename)%00%(upstream:remoteref) refs/heads/main refs/remotes/main [4ms]
2023-11-23 19:44:08.671 [info] > git status -z -uall [16ms]
2023-11-23 19:44:13.723 [info] > git config --get commit.template [23ms]
2023-11-23 19:44:13.725 [info] > git for-each-ref --format=%(refname)%00%(upstream:short)%00%(objectname)%00%(upstream:track)%00%(upstream:remotename)%00%(upstream:remoteref) refs/heads/main refs/remotes/main [6ms]
2023-11-23 19:44:13.800 [info] > git status -z -uall [20ms]
2023-11-23 19:44:18.859 [info] > git config --get commit.template [26ms]
2023-11-23 19:44:18.862 [info] > git for-each-ref --format=%(refname)%00%(upstream:short)%00%(objectname)%00%(upstream:track)%00%(upstream:remotename)%00%(upstream:remoteref) refs/heads/main refs/remotes/main [5ms]
2023-11-23 19:44:18.912 [info] > git status -z -uall [35ms]
